0 verbose cli /usr/local/bin/node /usr/local/bin/npm
1 info using npm@10.2.4
2 info using node@v20.11.1
3 timing npm:load:whichnode Completed in 0ms
4 timing config:load:defaults Completed in 2ms
5 timing config:load:file:/usr/local/lib/node_modules/npm/npmrc Completed in 0ms
6 timing config:load:builtin Completed in 0ms
7 timing config:load:cli Completed in 2ms
8 timing config:load:env Completed in 0ms
9 timing config:load:file:/Users/taya/Library/Caches/typescript/5.3/.npmrc Completed in 0ms
10 timing config:load:project Completed in 1ms
11 timing config:load:file:/Users/taya/.npmrc Completed in 0ms
12 timing config:load:user Completed in 0ms
13 timing config:load:file:/usr/local/etc/npmrc Completed in 0ms
14 timing config:load:global Completed in 0ms
15 timing config:load:setEnvs Completed in 1ms
16 timing config:load Completed in 6ms
17 timing npm:load:configload Completed in 6ms
18 timing config:load:flatten Completed in 1ms
19 timing npm:load:mkdirpcache Completed in 1ms
20 timing npm:load:mkdirplogs Completed in 0ms
21 verbose title npm install @types/react@ts5.3 @types/react-dom@ts5.3
22 verbose argv "install" "--ignore-scripts" "@types/react@ts5.3" "@types/react-dom@ts5.3" "--save-dev" "--user-agent" "typesInstaller/5.3.2"
23 timing npm:load:setTitle Completed in 7ms
24 timing npm:load:display Completed in 0ms
25 verbose logfile logs-max:10 dir:/Users/taya/.npm/_logs/2024-03-10T18_15_14_751Z-
26 verbose logfile /Users/taya/.npm/_logs/2024-03-10T18_15_14_751Z-debug-0.log
27 timing npm:load:logFile Completed in 5ms
28 timing npm:load:timers Completed in 0ms
29 timing npm:load:configScope Completed in 0ms
30 timing npm:load Completed in 26ms
31 timing arborist:ctor Completed in 0ms
32 silly logfile done cleaning log files
33 timing idealTree:init Completed in 6ms
34 timing arborist:ctor Completed in 0ms
35 http fetch GET 200 https://registry.npmjs.org/@types%2freact 479ms (cache revalidated)
36 http fetch GET 200 https://registry.npmjs.org/@types%2freact-dom 1570ms (cache revalidated)
37 timing idealTree:userRequests Completed in 1574ms
38 silly idealTree buildDeps
39 silly fetch manifest @types/react@18.2.64
40 silly fetch manifest @types/react-dom@18.2.21
41 silly placeDep ROOT @types/react@18.2.64 OK for:  want: 18.2.64
42 silly fetch manifest @types/prop-types@*
43 silly fetch manifest @types/scheduler@*
44 silly fetch manifest csstype@^3.0.2
45 silly placeDep ROOT @types/react-dom@18.2.21 OK for:  want: 18.2.21
46 http fetch GET 200 https://registry.npmjs.org/@types%2fprop-types 162ms (cache revalidated)
47 http fetch GET 200 https://registry.npmjs.org/csstype 163ms (cache revalidated)
48 http fetch GET 200 https://registry.npmjs.org/@types%2fscheduler 328ms (cache revalidated)
49 timing idealTree:#root Completed in 334ms
50 silly placeDep ROOT @types/prop-types@15.7.11 OK for: @types/react@18.2.64 want: *
51 silly placeDep ROOT @types/scheduler@0.16.8 OK for: @types/react@18.2.64 want: *
52 silly placeDep ROOT csstype@3.1.3 OK for: @types/react@18.2.64 want: ^3.0.2
53 timing idealTree:node_modules/@types/react Completed in 3ms
54 timing idealTree:node_modules/@types/prop-types Completed in 0ms
55 timing idealTree:node_modules/@types/react-dom Completed in 0ms
56 timing idealTree:node_modules/@types/scheduler Completed in 0ms
57 timing idealTree:node_modules/csstype Completed in 0ms
58 timing idealTree:buildDeps Completed in 337ms
59 timing idealTree:fixDepFlags Completed in 0ms
60 timing idealTree Completed in 1918ms
61 timing reify:loadTrees Completed in 1918ms
62 timing reify:diffTrees Completed in 1ms
63 silly reify moves {}
64 timing reify:retireShallow Completed in 1ms
65 timing reify:createSparse Completed in 0ms
66 timing reify:loadBundles Completed in 0ms
67 silly audit bulk request {
67 silly audit   'types-registry': [ '0.1.684' ],
67 silly audit   '@types/react': [ '18.2.64' ],
67 silly audit   '@types/react-dom': [ '18.2.21' ],
67 silly audit   '@types/prop-types': [ '15.7.11' ],
67 silly audit   '@types/scheduler': [ '0.16.8' ],
67 silly audit   csstype: [ '3.1.3' ]
67 silly audit }
68 timing reifyNode:node_modules/@types/prop-types Completed in 16ms
69 timing reifyNode:node_modules/@types/scheduler Completed in 16ms
70 timing reifyNode:node_modules/@types/react-dom Completed in 18ms
71 timing reifyNode:node_modules/@types/react Completed in 21ms
72 timing reifyNode:node_modules/csstype Completed in 23ms
73 timing reify:unpack Completed in 23ms
74 timing reify:unretire Completed in 1ms
75 timing build:queue Completed in 1ms
76 timing build:deps Completed in 1ms
77 timing build Completed in 1ms
78 timing reify:build Completed in 1ms
79 timing reify:trash Completed in 0ms
80 timing reify:save Completed in 4ms
81 http fetch POST 200 https://registry.npmjs.org/-/npm/v1/security/advisories/bulk 351ms
82 timing auditReport:getReport Completed in 351ms
83 silly audit report {}
84 timing auditReport:init Completed in 0ms
85 timing reify:audit Completed in 351ms
86 timing reify Completed in 2280ms
87 silly ADD node_modules/csstype
88 silly ADD node_modules/@types/scheduler
89 silly ADD node_modules/@types/prop-types
90 silly ADD node_modules/@types/react-dom
91 silly ADD node_modules/@types/react
92 timing command:install Completed in 2285ms
93 verbose exit 0
94 timing npm Completed in 2386ms
95 info ok
