0 verbose cli /usr/local/bin/node /usr/local/bin/npm
1 info using npm@10.2.4
2 info using node@v20.11.1
3 timing npm:load:whichnode Completed in 0ms
4 timing config:load:defaults Completed in 1ms
5 timing config:load:file:/usr/local/lib/node_modules/npm/npmrc Completed in 1ms
6 timing config:load:builtin Completed in 1ms
7 timing config:load:cli Completed in 1ms
8 timing config:load:env Completed in 0ms
9 timing config:load:project Completed in 0ms
10 timing config:load:file:/Users/taya/.npmrc Completed in 1ms
11 timing config:load:user Completed in 1ms
12 timing config:load:file:/usr/local/etc/npmrc Completed in 0ms
13 timing config:load:global Completed in 0ms
14 timing config:load:setEnvs Completed in 0ms
15 timing config:load Completed in 4ms
16 timing npm:load:configload Completed in 4ms
17 timing config:load:flatten Completed in 2ms
18 timing npm:load:mkdirpcache Completed in 0ms
19 timing npm:load:mkdirplogs Completed in 0ms
20 verbose title npm create vite@4.1.0
21 verbose argv "create" "vite@4.1.0"
22 timing npm:load:setTitle Completed in 7ms
23 timing npm:load:display Completed in 0ms
24 verbose logfile logs-max:10 dir:/Users/taya/.npm/_logs/2024-03-10T17_55_13_910Z-
25 verbose logfile /Users/taya/.npm/_logs/2024-03-10T17_55_13_910Z-debug-0.log
26 timing npm:load:logFile Completed in 6ms
27 timing npm:load:timers Completed in 0ms
28 timing npm:load:configScope Completed in 0ms
29 timing npm:load Completed in 28ms
30 silly logfile done cleaning log files
31 timing arborist:ctor Completed in 1ms
32 http fetch GET 200 https://registry.npmjs.org/create-vite 1379ms (cache miss)
33 timing arborist:ctor Completed in 0ms
34 http fetch GET 200 https://registry.npmjs.org/npm 1534ms (cache miss)
35 timing arborist:ctor Completed in 0ms
36 timing idealTree:init Completed in 3ms
37 timing idealTree:userRequests Completed in 0ms
38 silly idealTree buildDeps
39 silly fetch manifest create-vite@4.1.0
40 http fetch GET 200 https://registry.npmjs.org/create-vite 4ms (cache hit)
41 silly placeDep ROOT create-vite@4.1.0 OK for:  want: 4.1.0
42 timing idealTree:#root Completed in 7ms
43 timing idealTree:node_modules/create-vite Completed in 0ms
44 timing idealTree:buildDeps Completed in 8ms
45 timing idealTree:fixDepFlags Completed in 0ms
46 timing idealTree Completed in 13ms
47 timing reify:loadTrees Completed in 13ms
48 timing reify:diffTrees Completed in 0ms
49 silly reify moves {}
50 timing reify:retireShallow Completed in 1ms
51 timing reify:createSparse Completed in 1ms
52 timing reify:loadBundles Completed in 0ms
53 silly audit bulk request { 'create-vite': [ '4.1.0' ] }
54 silly tarball no local data for create-vite@https://registry.npmjs.org/create-vite/-/create-vite-4.1.0.tgz. Extracting by manifest.
55 http fetch GET 200 https://registry.npmjs.org/create-vite/-/create-vite-4.1.0.tgz 106ms (cache miss)
56 timing reifyNode:node_modules/create-vite Completed in 110ms
57 timing reify:unpack Completed in 110ms
58 timing reify:unretire Completed in 0ms
59 timing build:queue Completed in 0ms
60 timing build:link:node_modules/create-vite Completed in 1ms
61 timing build:link Completed in 1ms
62 timing build:deps Completed in 2ms
63 timing build Completed in 2ms
64 timing reify:build Completed in 2ms
65 timing reify:trash Completed in 0ms
66 timing reify:save Completed in 4ms
67 http fetch POST 200 https://registry.npmjs.org/-/npm/v1/security/advisories/bulk 522ms
68 timing auditReport:getReport Completed in 523ms
69 silly audit report {}
70 timing auditReport:init Completed in 0ms
71 timing reify:audit Completed in 527ms
72 timing reify Completed in 543ms
73 timing command:create Completed in 73823ms
74 notice
74 notice New [33mminor[39m version of npm available! [31m10.2.4[39m -> [32m10.5.0[39m
74 notice Changelog: [36mhttps://github.com/npm/cli/releases/tag/v10.5.0[39m
74 notice Run [32mnpm install -g npm@10.5.0[39m to update!
74 notice
75 verbose exit 0
76 timing npm Completed in 74010ms
77 info ok
