0 verbose cli /usr/local/bin/node /usr/local/bin/npm
1 info using npm@10.2.4
2 info using node@v20.11.1
3 timing npm:load:whichnode Completed in 1ms
4 timing config:load:defaults Completed in 1ms
5 timing config:load:file:/usr/local/lib/node_modules/npm/npmrc Completed in 0ms
6 timing config:load:builtin Completed in 0ms
7 timing config:load:cli Completed in 2ms
8 timing config:load:env Completed in 0ms
9 timing config:load:file:/Users/taya/Library/Caches/typescript/5.3/.npmrc Completed in 0ms
10 timing config:load:project Completed in 1ms
11 timing config:load:file:/Users/taya/.npmrc Completed in 0ms
12 timing config:load:user Completed in 0ms
13 timing config:load:file:/usr/local/etc/npmrc Completed in 0ms
14 timing config:load:global Completed in 0ms
15 timing config:load:setEnvs Completed in 1ms
16 timing config:load Completed in 5ms
17 timing npm:load:configload Completed in 5ms
18 timing config:load:flatten Completed in 1ms
19 timing npm:load:mkdirpcache Completed in 0ms
20 timing npm:load:mkdirplogs Completed in 0ms
21 verbose title npm install @types/bootstrap@ts5.3
22 verbose argv "install" "--ignore-scripts" "@types/bootstrap@ts5.3" "--save-dev" "--user-agent" "typesInstaller/5.3.2"
23 timing npm:load:setTitle Completed in 7ms
24 timing npm:load:display Completed in 0ms
25 verbose logfile logs-max:10 dir:/Users/taya/.npm/_logs/2024-03-10T19_16_51_003Z-
26 verbose logfile /Users/taya/.npm/_logs/2024-03-10T19_16_51_003Z-debug-0.log
27 timing npm:load:logFile Completed in 5ms
28 timing npm:load:timers Completed in 0ms
29 timing npm:load:configScope Completed in 0ms
30 timing npm:load Completed in 26ms
31 timing arborist:ctor Completed in 1ms
32 silly logfile done cleaning log files
33 timing idealTree:init Completed in 21ms
34 timing arborist:ctor Completed in 0ms
35 http fetch GET 200 https://registry.npmjs.org/@types%2fbootstrap 2109ms (cache miss)
36 timing idealTree:userRequests Completed in 2114ms
37 silly idealTree buildDeps
38 silly fetch manifest @types/bootstrap@5.2.10
39 silly placeDep ROOT @types/bootstrap@5.2.10 OK for:  want: 5.2.10
40 silly fetch manifest @popperjs/core@^2.9.2
41 http fetch GET 200 https://registry.npmjs.org/@popperjs%2fcore 7ms (cache hit)
42 timing idealTree:#root Completed in 14ms
43 silly placeDep ROOT @popperjs/core@2.11.8 OK for: @types/bootstrap@5.2.10 want: ^2.9.2
44 timing idealTree:node_modules/@types/bootstrap Completed in 1ms
45 timing idealTree:node_modules/@popperjs/core Completed in 0ms
46 timing idealTree:buildDeps Completed in 16ms
47 timing idealTree:fixDepFlags Completed in 0ms
48 timing idealTree Completed in 2151ms
49 timing reify:loadTrees Completed in 2152ms
50 timing reify:diffTrees Completed in 2ms
51 silly reify moves {}
52 timing reify:retireShallow Completed in 0ms
53 timing reify:createSparse Completed in 2ms
54 timing reify:loadBundles Completed in 0ms
55 silly audit bulk request {
55 silly audit   '@babel/helper-string-parser': [ '7.23.4' ],
55 silly audit   '@babel/helper-validator-identifier': [ '7.22.20' ],
55 silly audit   '@babel/parser': [ '7.24.0' ],
55 silly audit   '@babel/types': [ '7.24.0' ],
55 silly audit   '@types/babel__core': [ '7.20.5' ],
55 silly audit   '@types/babel__generator': [ '7.6.8' ],
55 silly audit   '@types/babel__template': [ '7.4.4' ],
55 silly audit   '@types/babel__traverse': [ '7.20.5' ],
55 silly audit   '@types/node': [ '20.11.25' ],
55 silly audit   '@types/prop-types': [ '15.7.11' ],
55 silly audit   '@types/react': [ '18.2.64' ],
55 silly audit   '@types/react-dom': [ '18.2.21' ],
55 silly audit   '@types/scheduler': [ '0.16.8' ],
55 silly audit   csstype: [ '3.1.3' ],
55 silly audit   'to-fast-properties': [ '2.0.0' ],
55 silly audit   'types-registry': [ '0.1.684' ],
55 silly audit   'undici-types': [ '5.26.5' ],
55 silly audit   '@types/bootstrap': [ '5.2.10' ],
55 silly audit   '@popperjs/core': [ '2.11.8' ]
55 silly audit }
56 silly tarball no local data for @types/bootstrap@https://registry.npmjs.org/@types/bootstrap/-/bootstrap-5.2.10.tgz. Extracting by manifest.
57 timing reifyNode:node_modules/@popperjs/core Completed in 73ms
58 http fetch POST 200 https://registry.npmjs.org/-/npm/v1/security/advisories/bulk 368ms
59 timing auditReport:getReport Completed in 371ms
60 silly audit report {}
61 timing auditReport:init Completed in 0ms
62 timing reify:audit Completed in 373ms
63 http fetch GET 200 https://registry.npmjs.org/@types/bootstrap/-/bootstrap-5.2.10.tgz 1315ms (cache miss)
64 timing reifyNode:node_modules/@types/bootstrap Completed in 1322ms
65 timing reify:unpack Completed in 1322ms
66 timing reify:unretire Completed in 0ms
67 timing build:queue Completed in 0ms
68 timing build:deps Completed in 1ms
69 timing build Completed in 1ms
70 timing reify:build Completed in 1ms
71 timing reify:trash Completed in 0ms
72 timing reify:save Completed in 10ms
73 timing reify Completed in 3502ms
74 silly ADD node_modules/@popperjs/core
75 silly ADD node_modules/@types/bootstrap
76 timing command:install Completed in 3505ms
77 verbose exit 0
78 timing npm Completed in 3686ms
79 info ok
