0 verbose cli /usr/local/bin/node /usr/local/bin/npm
1 info using npm@10.2.4
2 info using node@v20.11.1
3 timing npm:load:whichnode Completed in 1ms
4 timing config:load:defaults Completed in 1ms
5 timing config:load:file:/usr/local/lib/node_modules/npm/npmrc Completed in 1ms
6 timing config:load:builtin Completed in 1ms
7 timing config:load:cli Completed in 1ms
8 timing config:load:env Completed in 0ms
9 timing config:load:file:/Users/taya/vite-project/.npmrc Completed in 0ms
10 timing config:load:project Completed in 2ms
11 timing config:load:file:/Users/taya/.npmrc Completed in 1ms
12 timing config:load:user Completed in 1ms
13 timing config:load:file:/usr/local/etc/npmrc Completed in 0ms
14 timing config:load:global Completed in 0ms
15 timing config:load:setEnvs Completed in 1ms
16 timing config:load Completed in 7ms
17 timing npm:load:configload Completed in 7ms
18 timing config:load:flatten Completed in 1ms
19 timing npm:load:mkdirpcache Completed in 0ms
20 timing npm:load:mkdirplogs Completed in 1ms
21 verbose title npm i bootstrap@5.2.3
22 verbose argv "i" "bootstrap@5.2.3"
23 timing npm:load:setTitle Completed in 6ms
24 timing npm:load:display Completed in 0ms
25 verbose logfile logs-max:10 dir:/Users/taya/.npm/_logs/2024-03-10T19_12_03_873Z-
26 verbose logfile /Users/taya/.npm/_logs/2024-03-10T19_12_03_873Z-debug-0.log
27 timing npm:load:logFile Completed in 5ms
28 timing npm:load:timers Completed in 0ms
29 timing npm:load:configScope Completed in 0ms
30 timing npm:load Completed in 32ms
31 timing arborist:ctor Completed in 0ms
32 silly logfile done cleaning log files
33 timing idealTree:init Completed in 30ms
34 timing idealTree:userRequests Completed in 0ms
35 silly idealTree buildDeps
36 silly fetch manifest bootstrap@5.2.3
37 verbose shrinkwrap failed to load node_modules/.package-lock.json out of date, updated: node_modules
38 http fetch GET 200 https://registry.npmjs.org/bootstrap 1284ms (cache miss)
39 silly fetch manifest @popperjs/core@^2.11.6
40 http fetch GET 200 https://registry.npmjs.org/@popperjs%2fcore 2287ms (cache miss)
41 silly placeDep ROOT bootstrap@5.2.3 OK for: vite-project@0.0.0 want: 5.2.3
42 silly placeDep ROOT @popperjs/core@2.11.8 OK for: bootstrap@5.2.3 want: ^2.11.6
43 timing idealTree:#root Completed in 3581ms
44 timing idealTree:node_modules/@popperjs/core Completed in 0ms
45 timing idealTree:node_modules/bootstrap Completed in 0ms
46 timing idealTree:buildDeps Completed in 3582ms
47 timing idealTree:fixDepFlags Completed in 1ms
48 timing idealTree Completed in 3615ms
49 timing reify:loadTrees Completed in 3616ms
50 timing reify:diffTrees Completed in 4ms
51 silly reify moves {}
52 timing reify:retireShallow Completed in 0ms
53 timing reify:createSparse Completed in 4ms
54 timing reify:loadBundles Completed in 0ms
55 silly audit bulk request {
55 silly audit   '@ampproject/remapping': [ '2.3.0' ],
55 silly audit   '@babel/code-frame': [ '7.23.5' ],
55 silly audit   '@babel/compat-data': [ '7.23.5' ],
55 silly audit   '@babel/core': [ '7.24.0' ],
55 silly audit   '@babel/generator': [ '7.23.6' ],
55 silly audit   '@babel/helper-compilation-targets': [ '7.23.6' ],
55 silly audit   '@babel/helper-environment-visitor': [ '7.22.20' ],
55 silly audit   '@babel/helper-function-name': [ '7.23.0' ],
55 silly audit   '@babel/helper-hoist-variables': [ '7.22.5' ],
55 silly audit   '@babel/helper-module-imports': [ '7.22.15' ],
55 silly audit   '@babel/helper-module-transforms': [ '7.23.3' ],
55 silly audit   '@babel/helper-plugin-utils': [ '7.24.0' ],
55 silly audit   '@babel/helper-simple-access': [ '7.22.5' ],
55 silly audit   '@babel/helper-split-export-declaration': [ '7.22.6' ],
55 silly audit   '@babel/helper-string-parser': [ '7.23.4' ],
55 silly audit   '@babel/helper-validator-identifier': [ '7.22.20' ],
55 silly audit   '@babel/helper-validator-option': [ '7.23.5' ],
55 silly audit   '@babel/helpers': [ '7.24.0' ],
55 silly audit   '@babel/highlight': [ '7.23.4' ],
55 silly audit   '@babel/parser': [ '7.24.0' ],
55 silly audit   '@babel/plugin-transform-react-jsx-self': [ '7.23.3' ],
55 silly audit   '@babel/plugin-transform-react-jsx-source': [ '7.23.3' ],
55 silly audit   '@babel/template': [ '7.24.0' ],
55 silly audit   '@babel/traverse': [ '7.24.0' ],
55 silly audit   '@babel/types': [ '7.24.0' ],
55 silly audit   '@esbuild/android-arm': [ '0.18.20' ],
55 silly audit   '@esbuild/android-arm64': [ '0.18.20' ],
55 silly audit   '@esbuild/android-x64': [ '0.18.20' ],
55 silly audit   '@esbuild/darwin-arm64': [ '0.18.20' ],
55 silly audit   '@esbuild/darwin-x64': [ '0.18.20' ],
55 silly audit   '@esbuild/freebsd-arm64': [ '0.18.20' ],
55 silly audit   '@esbuild/freebsd-x64': [ '0.18.20' ],
55 silly audit   '@esbuild/linux-arm': [ '0.18.20' ],
55 silly audit   '@esbuild/linux-arm64': [ '0.18.20' ],
55 silly audit   '@esbuild/linux-ia32': [ '0.18.20' ],
55 silly audit   '@esbuild/linux-loong64': [ '0.18.20' ],
55 silly audit   '@esbuild/linux-mips64el': [ '0.18.20' ],
55 silly audit   '@esbuild/linux-ppc64': [ '0.18.20' ],
55 silly audit   '@esbuild/linux-riscv64': [ '0.18.20' ],
55 silly audit   '@esbuild/linux-s390x': [ '0.18.20' ],
55 silly audit   '@esbuild/linux-x64': [ '0.18.20' ],
55 silly audit   '@esbuild/netbsd-x64': [ '0.18.20' ],
55 silly audit   '@esbuild/openbsd-x64': [ '0.18.20' ],
55 silly audit   '@esbuild/sunos-x64': [ '0.18.20' ],
55 silly audit   '@esbuild/win32-arm64': [ '0.18.20' ],
55 silly audit   '@esbuild/win32-ia32': [ '0.18.20' ],
55 silly audit   '@esbuild/win32-x64': [ '0.18.20' ],
55 silly audit   '@jridgewell/gen-mapping': [ '0.3.5' ],
55 silly audit   '@jridgewell/resolve-uri': [ '3.1.2' ],
55 silly audit   '@jridgewell/set-array': [ '1.2.1' ],
55 silly audit   '@jridgewell/sourcemap-codec': [ '1.4.15' ],
55 silly audit   '@jridgewell/trace-mapping': [ '0.3.25' ],
55 silly audit   '@types/prop-types': [ '15.7.11' ],
55 silly audit   '@types/react': [ '18.2.64' ],
55 silly audit   '@types/react-dom': [ '18.2.21' ],
55 silly audit   '@types/scheduler': [ '0.16.8' ],
55 silly audit   '@vitejs/plugin-react': [ '3.1.0' ],
55 silly audit   'ansi-styles': [ '3.2.1' ],
55 silly audit   browserslist: [ '4.23.0' ],
55 silly audit   'caniuse-lite': [ '1.0.30001596' ],
55 silly audit   chalk: [ '2.4.2' ],
55 silly audit   'color-convert': [ '1.9.3' ],
55 silly audit   'color-name': [ '1.1.3' ],
55 silly audit   'convert-source-map': [ '2.0.0' ],
55 silly audit   csstype: [ '3.1.3' ],
55 silly audit   debug: [ '4.3.4' ],
55 silly audit   'electron-to-chromium': [ '1.4.699' ],
55 silly audit   esbuild: [ '0.18.20' ],
55 silly audit   escalade: [ '3.1.2' ],
55 silly audit   'escape-string-regexp': [ '1.0.5' ],
55 silly audit   fsevents: [ '2.3.3' ],
55 silly audit   gensync: [ '1.0.0-beta.2' ],
55 silly audit   globals: [ '11.12.0' ],
55 silly audit   'has-flag': [ '3.0.0' ],
55 silly audit   'js-tokens': [ '4.0.0' ],
55 silly audit   jsesc: [ '2.5.2' ],
55 silly audit   json5: [ '2.2.3' ],
55 silly audit   'loose-envify': [ '1.4.0' ],
55 silly audit   'lru-cache': [ '5.1.1' ],
55 silly audit   'magic-string': [ '0.27.0' ],
55 silly audit   ms: [ '2.1.2' ],
55 silly audit   nanoid: [ '3.3.7' ],
55 silly audit   'node-releases': [ '2.0.14' ],
55 silly audit   picocolors: [ '1.0.0' ],
55 silly audit   postcss: [ '8.4.35' ],
55 silly audit   react: [ '18.2.0' ],
55 silly audit   'react-dom': [ '18.2.0' ],
55 silly audit   'react-refresh': [ '0.14.0' ],
55 silly audit   rollup: [ '3.29.4' ],
55 silly audit   scheduler: [ '0.23.0' ],
55 silly audit   semver: [ '6.3.1' ],
55 silly audit   'source-map-js': [ '1.0.2' ],
55 silly audit   'supports-color': [ '5.5.0' ],
55 silly audit   'to-fast-properties': [ '2.0.0' ],
55 silly audit   typescript: [ '4.9.5' ],
55 silly audit   'update-browserslist-db': [ '1.0.13' ],
55 silly audit   vite: [ '4.5.2' ],
55 silly audit   yallist: [ '3.1.1' ],
55 silly audit   bootstrap: [ '5.2.3' ],
55 silly audit   '@popperjs/core': [ '2.11.8' ]
55 silly audit }
56 verbose reify failed optional dependency /Users/taya/vite-project/node_modules/@esbuild/win32-x64
57 silly reify mark deleted [ '/Users/taya/vite-project/node_modules/@esbuild/win32-x64' ]
58 verbose reify failed optional dependency /Users/taya/vite-project/node_modules/@esbuild/win32-ia32
59 silly reify mark deleted [ '/Users/taya/vite-project/node_modules/@esbuild/win32-ia32' ]
60 verbose reify failed optional dependency /Users/taya/vite-project/node_modules/@esbuild/win32-arm64
61 silly reify mark deleted [ '/Users/taya/vite-project/node_modules/@esbuild/win32-arm64' ]
62 verbose reify failed optional dependency /Users/taya/vite-project/node_modules/@esbuild/sunos-x64
63 silly reify mark deleted [ '/Users/taya/vite-project/node_modules/@esbuild/sunos-x64' ]
64 verbose reify failed optional dependency /Users/taya/vite-project/node_modules/@esbuild/openbsd-x64
65 silly reify mark deleted [ '/Users/taya/vite-project/node_modules/@esbuild/openbsd-x64' ]
66 verbose reify failed optional dependency /Users/taya/vite-project/node_modules/@esbuild/netbsd-x64
67 silly reify mark deleted [ '/Users/taya/vite-project/node_modules/@esbuild/netbsd-x64' ]
68 verbose reify failed optional dependency /Users/taya/vite-project/node_modules/@esbuild/linux-x64
69 silly reify mark deleted [ '/Users/taya/vite-project/node_modules/@esbuild/linux-x64' ]
70 verbose reify failed optional dependency /Users/taya/vite-project/node_modules/@esbuild/linux-s390x
71 silly reify mark deleted [ '/Users/taya/vite-project/node_modules/@esbuild/linux-s390x' ]
72 verbose reify failed optional dependency /Users/taya/vite-project/node_modules/@esbuild/linux-riscv64
73 silly reify mark deleted [ '/Users/taya/vite-project/node_modules/@esbuild/linux-riscv64' ]
74 verbose reify failed optional dependency /Users/taya/vite-project/node_modules/@esbuild/linux-ppc64
75 silly reify mark deleted [ '/Users/taya/vite-project/node_modules/@esbuild/linux-ppc64' ]
76 verbose reify failed optional dependency /Users/taya/vite-project/node_modules/@esbuild/linux-mips64el
77 silly reify mark deleted [ '/Users/taya/vite-project/node_modules/@esbuild/linux-mips64el' ]
78 verbose reify failed optional dependency /Users/taya/vite-project/node_modules/@esbuild/linux-loong64
79 silly reify mark deleted [ '/Users/taya/vite-project/node_modules/@esbuild/linux-loong64' ]
80 verbose reify failed optional dependency /Users/taya/vite-project/node_modules/@esbuild/linux-ia32
81 silly reify mark deleted [ '/Users/taya/vite-project/node_modules/@esbuild/linux-ia32' ]
82 verbose reify failed optional dependency /Users/taya/vite-project/node_modules/@esbuild/linux-arm64
83 silly reify mark deleted [ '/Users/taya/vite-project/node_modules/@esbuild/linux-arm64' ]
84 verbose reify failed optional dependency /Users/taya/vite-project/node_modules/@esbuild/linux-arm
85 silly reify mark deleted [ '/Users/taya/vite-project/node_modules/@esbuild/linux-arm' ]
86 verbose reify failed optional dependency /Users/taya/vite-project/node_modules/@esbuild/freebsd-x64
87 silly reify mark deleted [ '/Users/taya/vite-project/node_modules/@esbuild/freebsd-x64' ]
88 verbose reify failed optional dependency /Users/taya/vite-project/node_modules/@esbuild/freebsd-arm64
89 silly reify mark deleted [ '/Users/taya/vite-project/node_modules/@esbuild/freebsd-arm64' ]
90 verbose reify failed optional dependency /Users/taya/vite-project/node_modules/@esbuild/darwin-x64
91 silly reify mark deleted [ '/Users/taya/vite-project/node_modules/@esbuild/darwin-x64' ]
92 verbose reify failed optional dependency /Users/taya/vite-project/node_modules/@esbuild/android-x64
93 silly reify mark deleted [ '/Users/taya/vite-project/node_modules/@esbuild/android-x64' ]
94 verbose reify failed optional dependency /Users/taya/vite-project/node_modules/@esbuild/android-arm64
95 silly reify mark deleted [ '/Users/taya/vite-project/node_modules/@esbuild/android-arm64' ]
96 verbose reify failed optional dependency /Users/taya/vite-project/node_modules/@esbuild/android-arm
97 silly reify mark deleted [ '/Users/taya/vite-project/node_modules/@esbuild/android-arm' ]
98 timing reifyNode:node_modules/@esbuild/win32-x64 Completed in 5ms
99 timing reifyNode:node_modules/@esbuild/win32-ia32 Completed in 5ms
100 timing reifyNode:node_modules/@esbuild/win32-arm64 Completed in 5ms
101 timing reifyNode:node_modules/@esbuild/sunos-x64 Completed in 5ms
102 timing reifyNode:node_modules/@esbuild/openbsd-x64 Completed in 5ms
103 timing reifyNode:node_modules/@esbuild/netbsd-x64 Completed in 5ms
104 timing reifyNode:node_modules/@esbuild/linux-x64 Completed in 6ms
105 timing reifyNode:node_modules/@esbuild/linux-s390x Completed in 5ms
106 timing reifyNode:node_modules/@esbuild/linux-riscv64 Completed in 5ms
107 timing reifyNode:node_modules/@esbuild/linux-ppc64 Completed in 5ms
108 timing reifyNode:node_modules/@esbuild/linux-mips64el Completed in 5ms
109 timing reifyNode:node_modules/@esbuild/linux-loong64 Completed in 5ms
110 timing reifyNode:node_modules/@esbuild/linux-ia32 Completed in 5ms
111 timing reifyNode:node_modules/@esbuild/linux-arm64 Completed in 5ms
112 timing reifyNode:node_modules/@esbuild/linux-arm Completed in 5ms
113 timing reifyNode:node_modules/@esbuild/freebsd-x64 Completed in 5ms
114 timing reifyNode:node_modules/@esbuild/freebsd-arm64 Completed in 5ms
115 timing reifyNode:node_modules/@esbuild/darwin-x64 Completed in 5ms
116 timing reifyNode:node_modules/@esbuild/android-x64 Completed in 5ms
117 timing reifyNode:node_modules/@esbuild/android-arm64 Completed in 5ms
118 timing reifyNode:node_modules/@esbuild/android-arm Completed in 5ms
119 silly tarball no local data for bootstrap@https://registry.npmjs.org/bootstrap/-/bootstrap-5.2.3.tgz. Extracting by manifest.
120 silly tarball no local data for @popperjs/core@https://registry.npmjs.org/@popperjs/core/-/core-2.11.8.tgz. Extracting by manifest.
121 http fetch POST 200 https://registry.npmjs.org/-/npm/v1/security/advisories/bulk 436ms
122 timing auditReport:getReport Completed in 438ms
123 silly audit report {}
124 timing auditReport:init Completed in 0ms
125 timing reify:audit Completed in 438ms
126 http fetch GET 200 https://registry.npmjs.org/bootstrap/-/bootstrap-5.2.3.tgz 824ms (cache miss)
127 timing reifyNode:node_modules/bootstrap Completed in 832ms
128 http fetch GET 200 https://registry.npmjs.org/@popperjs/core/-/core-2.11.8.tgz 1498ms (cache miss)
129 timing reifyNode:node_modules/@popperjs/core Completed in 1507ms
130 timing reify:unpack Completed in 1508ms
131 timing reify:unretire Completed in 0ms
132 timing build:queue Completed in 1ms
133 timing build:deps Completed in 1ms
134 timing build Completed in 1ms
135 timing reify:build Completed in 1ms
136 timing reify:trash Completed in 1ms
137 timing reify:save Completed in 18ms
138 timing reify Completed in 5163ms
139 silly ADD node_modules/@popperjs/core
140 silly ADD node_modules/bootstrap
141 silly ADD
142 silly ADD
143 silly ADD
144 silly ADD
145 silly ADD
146 silly ADD
147 silly ADD
148 silly ADD
149 silly ADD
150 silly ADD
151 silly ADD
152 silly ADD
153 silly ADD
154 silly ADD
155 silly ADD
156 silly ADD
157 silly ADD
158 silly ADD
159 silly ADD
160 silly ADD
161 silly ADD
162 timing command:i Completed in 5168ms
163 verbose exit 0
164 timing npm Completed in 5415ms
165 info ok
