0 verbose cli /usr/local/bin/node /usr/local/bin/npm
1 info using npm@10.2.4
2 info using node@v20.11.1
3 timing npm:load:whichnode Completed in 0ms
4 timing config:load:defaults Completed in 0ms
5 timing config:load:file:/usr/local/lib/node_modules/npm/npmrc Completed in 1ms
6 timing config:load:builtin Completed in 1ms
7 timing config:load:cli Completed in 1ms
8 timing config:load:env Completed in 0ms
9 timing config:load:file:/Users/taya/Library/Caches/typescript/5.4/.npmrc Completed in 0ms
10 timing config:load:project Completed in 1ms
11 timing config:load:file:/Users/taya/.npmrc Completed in 0ms
12 timing config:load:user Completed in 0ms
13 timing config:load:file:/Users/taya/.npm-packages/etc/npmrc Completed in 0ms
14 timing config:load:global Completed in 0ms
15 timing config:load:setEnvs Completed in 0ms
16 timing config:load Completed in 4ms
17 timing npm:load:configload Completed in 4ms
18 timing config:load:flatten Completed in 1ms
19 timing npm:load:mkdirpcache Completed in 0ms
20 timing npm:load:mkdirplogs Completed in 0ms
21 verbose title npm install @types/bootstrap@ts5.4 @types/react@ts5.4 @types/react-dom@ts5.4
22 verbose argv "install" "--ignore-scripts" "@types/bootstrap@ts5.4" "@types/react@ts5.4" "@types/react-dom@ts5.4" "--save-dev" "--user-agent" "typesInstaller/5.4.5"
23 timing npm:load:setTitle Completed in 5ms
24 timing npm:load:display Completed in 0ms
25 verbose logfile logs-max:10 dir:/Users/taya/.npm/_logs/2024-04-21T15_59_28_557Z-
26 verbose logfile /Users/taya/.npm/_logs/2024-04-21T15_59_28_557Z-debug-0.log
27 timing npm:load:logFile Completed in 4ms
28 timing npm:load:timers Completed in 0ms
29 timing npm:load:configScope Completed in 0ms
30 timing npm:load Completed in 21ms
31 timing arborist:ctor Completed in 0ms
32 silly logfile start cleaning logs, removing 1 files
33 silly logfile done cleaning log files
34 timing idealTree:init Completed in 8ms
35 timing arborist:ctor Completed in 0ms
36 http fetch GET 200 https://registry.npmjs.org/@types%2freact 10307ms (cache revalidated)
37 http fetch GET 200 https://registry.npmjs.org/@types%2freact-dom 10315ms (cache revalidated)
38 http fetch GET 200 https://registry.npmjs.org/@types%2fbootstrap 11549ms (cache revalidated)
39 timing idealTree:userRequests Completed in 11551ms
40 silly idealTree buildDeps
41 silly fetch manifest @types/bootstrap@5.2.10
42 silly fetch manifest @types/react@18.2.79
43 silly fetch manifest @types/react-dom@18.2.25
44 silly placeDep ROOT @types/bootstrap@5.2.10 REPLACE for:  want: 5.2.10
45 silly placeDep ROOT @types/react@18.2.79 REPLACE for:  want: 18.2.79
46 silly placeDep ROOT @types/react-dom@18.2.25 REPLACE for:  want: 18.2.25
47 timing idealTree:#root Completed in 7ms
48 timing idealTree:node_modules/@types/bootstrap Completed in 0ms
49 timing idealTree:node_modules/@types/react Completed in 0ms
50 timing idealTree:node_modules/@types/react-dom Completed in 0ms
51 timing idealTree:buildDeps Completed in 8ms
52 timing idealTree:fixDepFlags Completed in 1ms
53 timing idealTree Completed in 11568ms
54 timing reify:loadTrees Completed in 11568ms
55 timing reify:diffTrees Completed in 1ms
56 silly reify moves {}
57 timing reify:retireShallow Completed in 1ms
58 timing reify:createSparse Completed in 0ms
59 timing reify:loadBundles Completed in 0ms
60 silly audit bulk request {
60 silly audit   '@popperjs/core': [ '2.11.8' ],
60 silly audit   '@types/prop-types': [ '15.7.12' ],
60 silly audit   csstype: [ '3.1.3' ],
60 silly audit   'types-registry': [ '0.1.684' ],
60 silly audit   '@types/bootstrap': [ '5.2.10' ],
60 silly audit   '@types/react': [ '18.2.79' ],
60 silly audit   '@types/react-dom': [ '18.2.25' ]
60 silly audit }
61 timing reify:unpack Completed in 0ms
62 timing reify:unretire Completed in 0ms
63 timing build:queue Completed in 0ms
64 timing build:deps Completed in 0ms
65 timing build Completed in 0ms
66 timing reify:build Completed in 0ms
67 timing reify:trash Completed in 0ms
68 timing reify:save Completed in 5ms
69 http fetch POST 200 https://registry.npmjs.org/-/npm/v1/security/advisories/bulk 472ms
70 timing auditReport:getReport Completed in 474ms
71 silly audit report {}
72 timing auditReport:init Completed in 0ms
73 timing reify:audit Completed in 475ms
74 timing reify Completed in 12052ms
75 timing command:install Completed in 12059ms
76 verbose exit 0
77 timing npm Completed in 12146ms
78 info ok
