0 verbose cli /usr/local/bin/node /usr/local/bin/npm
1 info using npm@10.2.4
2 info using node@v20.11.1
3 timing npm:load:whichnode Completed in 1ms
4 timing config:load:defaults Completed in 1ms
5 timing config:load:file:/usr/local/lib/node_modules/npm/npmrc Completed in 0ms
6 timing config:load:builtin Completed in 0ms
7 timing config:load:cli Completed in 2ms
8 timing config:load:env Completed in 0ms
9 timing config:load:project Completed in 1ms
10 timing config:load:file:/Users/taya/.npmrc Completed in 0ms
11 timing config:load:user Completed in 0ms
12 timing config:load:file:/usr/local/etc/npmrc Completed in 0ms
13 timing config:load:global Completed in 0ms
14 timing config:load:setEnvs Completed in 1ms
15 timing config:load Completed in 5ms
16 timing npm:load:configload Completed in 5ms
17 timing config:load:flatten Completed in 1ms
18 timing npm:load:mkdirpcache Completed in 1ms
19 timing npm:load:mkdirplogs Completed in 0ms
20 verbose title npm install yarn
21 verbose argv "install" "--global" "yarn"
22 timing npm:load:setTitle Completed in 6ms
23 timing npm:load:display Completed in 0ms
24 verbose logfile logs-max:10 dir:/Users/taya/.npm/_logs/2024-03-16T20_13_38_027Z-
25 verbose logfile /Users/taya/.npm/_logs/2024-03-16T20_13_38_027Z-debug-0.log
26 timing npm:load:logFile Completed in 5ms
27 timing npm:load:timers Completed in 0ms
28 timing npm:load:configScope Completed in 0ms
29 timing npm:load Completed in 26ms
30 timing config:load:flatten Completed in 1ms
31 timing arborist:ctor Completed in 1ms
32 silly logfile done cleaning log files
33 timing idealTree:init Completed in 6ms
34 timing idealTree:userRequests Completed in 1ms
35 silly idealTree buildDeps
36 silly fetch manifest yarn@*
37 http fetch GET 200 https://registry.npmjs.org/yarn 8ms (cache hit)
38 silly placeDep ROOT yarn@1.22.22 OK for:  want: *
39 timing idealTree:#root Completed in 12ms
40 timing idealTree:node_modules/yarn Completed in 0ms
41 timing idealTree:buildDeps Completed in 13ms
42 timing idealTree:fixDepFlags Completed in 0ms
43 timing idealTree Completed in 21ms
44 timing reify:loadTrees Completed in 22ms
45 timing reify:diffTrees Completed in 1ms
46 silly reify moves {}
47 timing reify:retireShallow Completed in 0ms
48 timing reify:rollback:createSparse Completed in 0ms
49 timing reify:rollback:retireShallow Completed in 0ms
50 timing command:install Completed in 31ms
51 verbose stack Error: EACCES: permission denied, mkdir '/usr/local/lib/node_modules/yarn'
52 verbose cwd /Users/taya
53 verbose Darwin 23.3.0
54 verbose node v20.11.1
55 verbose npm  v10.2.4
56 error code EACCES
57 error syscall mkdir
58 error path /usr/local/lib/node_modules/yarn
59 error errno -13
60 error [Error: EACCES: permission denied, mkdir '/usr/local/lib/node_modules/yarn'] {
60 error   errno: -13,
60 error   code: 'EACCES',
60 error   syscall: 'mkdir',
60 error   path: '/usr/local/lib/node_modules/yarn'
60 error }
61 error
61 error The operation was rejected by your operating system.
61 error It is likely you do not have the permissions to access this file as the current user
61 error
61 error If you believe this might be a permissions issue, please double-check the
61 error permissions of the file and its containing directories, or try running
61 error the command again as root/Administrator.
62 verbose exit -13
63 timing npm Completed in 187ms
64 verbose unfinished npm timer reify 1710620018184
65 verbose unfinished npm timer reify:createSparse 1710620018212
66 verbose code -13
67 error A complete log of this run can be found in: /Users/taya/.npm/_logs/2024-03-16T20_13_38_027Z-debug-0.log
